demo/build/outputs/logs/manifest-merger-debug-report.txt
-- Merging decision tree log ---
manifest
ADDED from demo\AndroidManifest.xml:2:1-356:12
	package
		ADDED from demo\AndroidManifest.xml:3:5-35
	android:versionName
		ADDED from demo\AndroidManifest.xml:5:5-32
	android:versionCode
		ADDED from demo\AndroidManifest.xml:4:5-29
		INJECTED from demo\AndroidManifest.xml
		INJECTED from demo\AndroidManifest.xml
	xmlns:android
		ADDED from demo\AndroidManifest.xml:2:11-69
uses-sdk
ADDED from demo\AndroidManifest.xml:7:5-9:41
MERGED from [nim_demo:uikit:unspecified] AndroidManifest.xml:5:5-7:41
MERGED from [com.android.support:appcompat-v7:19.1.0] AndroidManifest.xml:18:5-42
	android:targetSdkVersion
		ADDED from demo\AndroidManifest.xml:9:9-38
		INJECTED from demo\AndroidManifest.xml
		INJECTED from demo\AndroidManifest.xml
	android:minSdkVersion
		ADDED from demo\AndroidManifest.xml:8:9-34
		INJECTED from demo\AndroidManifest.xml
		INJECTED from demo\AndroidManifest.xml
uses-permission#android.permission.INTERNET
ADDED from demo\AndroidManifest.xml:13:5-67
	android:name
		ADDED from demo\AndroidManifest.xml:13:22-64
uses-permission#android.permission.ACCESS_NETWORK_STATE
ADDED from demo\AndroidManifest.xml:14:5-79
	android:name
		ADDED from demo\AndroidManifest.xml:14:22-76
uses-permission#android.permission.ACCESS_WIFI_STATE
ADDED from demo\AndroidManifest.xml:15:5-76
	android:name
		ADDED from demo\AndroidManifest.xml:15:22-73
uses-permission#android.permission.CHANGE_WIFI_STATE
ADDED from demo\AndroidManifest.xml:16:5-76
	android:name
		ADDED from demo\AndroidManifest.xml:16:22-73
uses-permission#android.permission.ACCESS_FINE_LOCATION
ADDED from demo\AndroidManifest.xml:17:5-79
	android:name
		ADDED from demo\AndroidManifest.xml:17:22-76
uses-permission#android.permission.ACCESS_COARSE_LOCATION
ADDED from demo\AndroidManifest.xml:18:5-81
	android:name
		ADDED from demo\AndroidManifest.xml:18:22-78
uses-permission#android.permission.WRITE_SETTINGS
ADDED from demo\AndroidManifest.xml:19:5-73
	android:name
		ADDED from demo\AndroidManifest.xml:19:22-70
uses-permission#android.permission.GET_TASKS
ADDED from demo\AndroidManifest.xml:22:5-68
	android:name
		ADDED from demo\AndroidManifest.xml:22:22-65
uses-permission#android.permission.FLASHLIGHT
ADDED from demo\AndroidManifest.xml:23:5-69
	android:name
		ADDED from demo\AndroidManifest.xml:23:22-66
uses-permission#android.permission.VIBRATE
ADDED from demo\AndroidManifest.xml:24:5-66
	android:name
		ADDED from demo\AndroidManifest.xml:24:22-63
uses-permission#android.permission.WAKE_LOCK
ADDED from demo\AndroidManifest.xml:25:5-68
	android:name
		ADDED from demo\AndroidManifest.xml:25:22-65
uses-permission#android.permission.BLUETOOTH
ADDED from demo\AndroidManifest.xml:26:5-68
	android:name
		ADDED from demo\AndroidManifest.xml:26:22-65
uses-permission#android.permission.BLUETOOTH_ADMIN
ADDED from demo\AndroidManifest.xml:27:5-74
	android:name
		ADDED from demo\AndroidManifest.xml:27:22-71
uses-permission#android.permission.CHANGE_CONFIGURATION
ADDED from demo\AndroidManifest.xml:28:5-79
	android:name
		ADDED from demo\AndroidManifest.xml:28:22-76
uses-permission#android.permission.MODIFY_AUDIO_SETTINGS
ADDED from demo\AndroidManifest.xml:29:5-80
	android:name
		ADDED from demo\AndroidManifest.xml:29:22-77
uses-permission#android.permission.READ_EXTERNAL_STORAGE
ADDED from demo\AndroidManifest.xml:32:5-80
	android:name
		ADDED from demo\AndroidManifest.xml:32:22-77
uses-permission#android.permission.WRITE_EXTERNAL_STORAGE
ADDED from demo\AndroidManifest.xml:33:5-81
	android:name
		ADDED from demo\AndroidManifest.xml:33:22-78
uses-permission#android.permission.CAMERA
ADDED from demo\AndroidManifest.xml:36:5-65
	android:name
		ADDED from demo\AndroidManifest.xml:36:22-62
uses-permission#android.permission.RECORD_AUDIO
ADDED from demo\AndroidManifest.xml:37:5-71
	android:name
		ADDED from demo\AndroidManifest.xml:37:22-68
uses-permission#android.permission.READ_PHONE_STATE
ADDED from demo\AndroidManifest.xml:38:5-75
	android:name
		ADDED from demo\AndroidManifest.xml:38:22-72
permission#com.netease.nim.demo.permission.RECEIVE_MSG
ADDED from demo\AndroidManifest.xml:42:5-44:47
	android:protectionLevel
		ADDED from demo\AndroidManifest.xml:44:9-44
	android:name
		ADDED from demo\AndroidManifest.xml:43:9-67
uses-permission#com.netease.nim.demo.permission.RECEIVE_MSG
ADDED from demo\AndroidManifest.xml:47:5-83
	android:name
		ADDED from demo\AndroidManifest.xml:47:22-80
application
ADDED from demo\AndroidManifest.xml:49:5-354:19
MERGED from [nim_demo:uikit:unspecified] AndroidManifest.xml:9:5-123:19
MERGED from [com.android.support:appcompat-v7:19.1.0] AndroidManifest.xml:19:5-20
	android:label
		ADDED from demo\AndroidManifest.xml:53:9-41
	android:allowBackup
		ADDED from demo\AndroidManifest.xml:51:9-35
	android:icon
		ADDED from demo\AndroidManifest.xml:52:9-41
	android:theme
		ADDED from demo\AndroidManifest.xml:54:9-55
	android:name
		ADDED from demo\AndroidManifest.xml:50:9-39
meta-data#com.amap.api.v2.apikey
ADDED from demo\AndroidManifest.xml:57:9-59:43
	android:value
		ADDED from demo\AndroidManifest.xml:59:13-40
		INJECTED from demo\AndroidManifest.xml
	android:name
		ADDED from demo\AndroidManifest.xml:58:13-50
meta-data#com.netease.nim.appKey
ADDED from demo\AndroidManifest.xml:60:9-62:64
	android:value
		ADDED from demo\AndroidManifest.xml:62:13-61
	android:name
		ADDED from demo\AndroidManifest.xml:61:13-50
uses-library#com.google.android.maps
ADDED from demo\AndroidManifest.xml:65:9-67:40
	android:required
		ADDED from demo\AndroidManifest.xml:67:13-37
	android:name
		ADDED from demo\AndroidManifest.xml:66:13-51
activity#com.netease.nim.demo.main.activity.WelcomeActivity
ADDED from demo\AndroidManifest.xml:70:9-85:20
	android:screenOrientation
		ADDED from demo\AndroidManifest.xml:76:13-49
	android:label
		ADDED from demo\AndroidManifest.xml:74:13-45
	android:hardwareAccelerated
		ADDED from demo\AndroidManifest.xml:73:13-47
	android:launchMode
		ADDED from demo\AndroidManifest.xml:75:13-43
	android:windowSoftInputMode
		ADDED from demo\AndroidManifest.xml:78:13-52
	android:configChanges
		ADDED from demo\AndroidManifest.xml:72:13-63
	android:theme
		ADDED from demo\AndroidManifest.xml:77:13-65
	android:name
		ADDED from demo\AndroidManifest.xml:71:13-58
intent-filter#android.intent.action.MAIN+android.intent.category.LAUNCHER+android.intent.category.MULTIWINDOW_LAUNCHER
ADDED from demo\AndroidManifest.xml:79:13-84:29
action#android.intent.action.MAIN
ADDED from demo\AndroidManifest.xml:80:17-69
	android:name
		ADDED from demo\AndroidManifest.xml:80:25-66
category#android.intent.category.LAUNCHER
ADDED from demo\AndroidManifest.xml:82:17-77
	android:name
		ADDED from demo\AndroidManifest.xml:82:27-74
category#android.intent.category.MULTIWINDOW_LAUNCHER
ADDED from demo\AndroidManifest.xml:83:17-89
	android:name
		ADDED from demo\AndroidManifest.xml:83:27-86
activity#com.netease.nim.demo.main.activity.ContactsActivity
ADDED from demo\AndroidManifest.xml:88:9-94:55
	android:screenOrientation
		ADDED from demo\AndroidManifest.xml:93:13-49
	android:hardwareAccelerated
		ADDED from demo\AndroidManifest.xml:91:13-47
	android:launchMode
		ADDED from demo\AndroidManifest.xml:92:13-43
	android:windowSoftInputMode
		ADDED from demo\AndroidManifest.xml:94:13-52
	android:configChanges
		ADDED from demo\AndroidManifest.xml:90:13-63
	android:name
		ADDED from demo\AndroidManifest.xml:89:13-59
activity#com.netease.nim.demo.main.activity.LessondetailActivity
ADDED from demo\AndroidManifest.xml:96:9-71
	android:name
		ADDED from demo\AndroidManifest.xml:96:19-69
activity#com.netease.nim.demo.main.activity.DiscoverdetailActivity
ADDED from demo\AndroidManifest.xml:98:9-73
	android:name
		ADDED from demo\AndroidManifest.xml:98:19-71
activity#com.netease.nim.demo.main.activity.DiscoverUserinfoActivity
ADDED from demo\AndroidManifest.xml:100:9-75
	android:name
		ADDED from demo\AndroidManifest.xml:100:19-73
activity#com.netease.nim.demo.main.activity.MainActivity
ADDED from demo\AndroidManifest.xml:102:9-63
	android:name
		ADDED from demo\AndroidManifest.xml:102:19-61
activity#com.netease.nim.demo.main.activity.MultiportActivity
ADDED from demo\AndroidManifest.xml:107:9-111:70
	android:screenOrientation
		ADDED from demo\AndroidManifest.xml:110:13-49
	android:windowSoftInputMode
		ADDED from demo\AndroidManifest.xml:111:13-67
	android:configChanges
		ADDED from demo\AndroidManifest.xml:109:13-63
	android:name
		ADDED from demo\AndroidManifest.xml:108:13-60
activity#com.netease.nim.demo.login.LoginActivity
ADDED from demo\AndroidManifest.xml:114:9-120:70
	android:screenOrientation
		ADDED from demo\AndroidManifest.xml:118:13-49
	android:label
		ADDED from demo\AndroidManifest.xml:117:13-42
	android:windowSoftInputMode
		ADDED from demo\AndroidManifest.xml:120:13-67
	android:configChanges
		ADDED from demo\AndroidManifest.xml:116:13-48
	android:theme
		ADDED from demo\AndroidManifest.xml:119:13-54
	android:name
		ADDED from demo\AndroidManifest.xml:115:13-48
activity#com.netease.nim.demo.main.activity.AboutActivity
ADDED from demo\AndroidManifest.xml:123:9-129:75
	android:screenOrientation
		ADDED from demo\AndroidManifest.xml:127:13-49
	android:label
		ADDED from demo\AndroidManifest.xml:126:13-42
	android:windowSoftInputMode
		ADDED from demo\AndroidManifest.xml:129:13-72
	android:configChanges
		ADDED from demo\AndroidManifest.xml:125:13-48
	android:theme
		ADDED from demo\AndroidManifest.xml:128:13-61
	android:name
		ADDED from demo\AndroidManifest.xml:124:13-56
activity#com.netease.nim.demo.main.activity.SettingsActivity
ADDED from demo\AndroidManifest.xml:130:9-134:63
	android:screenOrientation
		ADDED from demo\AndroidManifest.xml:133:13-49
	android:windowSoftInputMode
		ADDED from demo\AndroidManifest.xml:134:13-60
	android:configChanges
		ADDED from demo\AndroidManifest.xml:132:13-48
	android:name
		ADDED from demo\AndroidManifest.xml:131:13-59
activity#com.netease.nim.demo.main.activity.NoDisturbActivity
ADDED from demo\AndroidManifest.xml:135:9-139:75
	android:screenOrientation
		ADDED from demo\AndroidManifest.xml:138:13-49
	android:windowSoftInputMode
		ADDED from demo\AndroidManifest.xml:139:13-72
	android:configChanges
		ADDED from demo\AndroidManifest.xml:137:13-48
	android:name
		ADDED from demo\AndroidManifest.xml:136:13-60
activity#com.netease.nim.demo.contact.activity.AddFriendActivity
ADDED from demo\AndroidManifest.xml:140:9-144:75
	android:screenOrientation
		ADDED from demo\AndroidManifest.xml:143:13-49
	android:windowSoftInputMode
		ADDED from demo\AndroidManifest.xml:144:13-72
	android:configChanges
		ADDED from demo\AndroidManifest.xml:142:13-48
	android:name
		ADDED from demo\AndroidManifest.xml:141:13-63
activity#com.netease.nim.demo.contact.activity.UserProfileActivity
ADDED from demo\AndroidManifest.xml:145:9-149:75
	android:screenOrientation
		ADDED from demo\AndroidManifest.xml:148:13-49
	android:windowSoftInputMode
		ADDED from demo\AndroidManifest.xml:149:13-72
	android:configChanges
		ADDED from demo\AndroidManifest.xml:147:13-48
	android:name
		ADDED from demo\AndroidManifest.xml:146:13-65
activity#com.netease.nim.demo.contact.activity.UserProfileSettingActivity
ADDED from demo\AndroidManifest.xml:150:9-154:75
	android:screenOrientation
		ADDED from demo\AndroidManifest.xml:153:13-49
	android:windowSoftInputMode
		ADDED from demo\AndroidManifest.xml:154:13-72
	android:configChanges
		ADDED from demo\AndroidManifest.xml:152:13-48
	android:name
		ADDED from demo\AndroidManifest.xml:151:13-72
activity#com.netease.nim.demo.contact.activity.UserProfileEditActivity
ADDED from demo\AndroidManifest.xml:155:9-159:75
	android:screenOrientation
		ADDED from demo\AndroidManifest.xml:158:13-49
	android:windowSoftInputMode
		ADDED from demo\AndroidManifest.xml:159:13-72
	android:configChanges
		ADDED from demo\AndroidManifest.xml:157:13-48
	android:name
		ADDED from demo\AndroidManifest.xml:156:13-69
activity#com.netease.nim.demo.contact.activity.BlackListActivity
ADDED from demo\AndroidManifest.xml:160:9-164:75
	android:screenOrientation
		ADDED from demo\AndroidManifest.xml:163:13-49
	android:windowSoftInputMode
		ADDED from demo\AndroidManifest.xml:164:13-72
	android:configChanges
		ADDED from demo\AndroidManifest.xml:162:13-48
	android:name
		ADDED from demo\AndroidManifest.xml:161:13-63
activity#com.netease.nim.demo.main.activity.EditNicknameActivity
ADDED from demo\AndroidManifest.xml:165:9-169:75
	android:screenOrientation
		ADDED from demo\AndroidManifest.xml:168:13-49
	android:windowSoftInputMode
		ADDED from demo\AndroidManifest.xml:169:13-72
	android:configChanges
		ADDED from demo\AndroidManifest.xml:167:13-48
	android:name
		ADDED from demo\AndroidManifest.xml:166:13-63
activity#com.netease.nim.demo.file.browser.FileBrowserActivity
ADDED from demo\AndroidManifest.xml:172:9-177:75
	android:screenOrientation
		ADDED from demo\AndroidManifest.xml:176:13-49
	android:label
		ADDED from demo\AndroidManifest.xml:175:13-49
	android:windowSoftInputMode
		ADDED from demo\AndroidManifest.xml:177:13-72
	android:configChanges
		ADDED from demo\AndroidManifest.xml:174:13-48
	android:name
		ADDED from demo\AndroidManifest.xml:173:13-61
activity#com.netease.nim.demo.main.activity.SystemMessageActivity
ADDED from demo\AndroidManifest.xml:178:9-183:70
	android:screenOrientation
		ADDED from demo\AndroidManifest.xml:181:13-49
	android:windowSoftInputMode
		ADDED from demo\AndroidManifest.xml:183:13-67
	android:configChanges
		ADDED from demo\AndroidManifest.xml:180:13-63
	android:theme
		ADDED from demo\AndroidManifest.xml:182:13-61
	android:name
		ADDED from demo\AndroidManifest.xml:179:13-64
activity#com.netease.nim.demo.main.activity.CustomNotificationActivity
ADDED from demo\AndroidManifest.xml:184:9-189:70
	android:screenOrientation
		ADDED from demo\AndroidManifest.xml:187:13-49
	android:windowSoftInputMode
		ADDED from demo\AndroidManifest.xml:189:13-67
	android:configChanges
		ADDED from demo\AndroidManifest.xml:186:13-63
	android:theme
		ADDED from demo\AndroidManifest.xml:188:13-61
	android:name
		ADDED from demo\AndroidManifest.xml:185:13-69
activity#com.netease.nim.demo.session.activity.MessageHistoryActivity
ADDED from demo\AndroidManifest.xml:190:9-195:70
	android:screenOrientation
		ADDED from demo\AndroidManifest.xml:193:13-49
	android:windowSoftInputMode
		ADDED from demo\AndroidManifest.xml:195:13-67
	android:configChanges
		ADDED from demo\AndroidManifest.xml:192:13-63
	android:theme
		ADDED from demo\AndroidManifest.xml:194:13-61
	android:name
		ADDED from demo\AndroidManifest.xml:191:13-68
activity#com.netease.nim.demo.session.activity.MessageInfoActivity
ADDED from demo\AndroidManifest.xml:196:9-201:70
	android:screenOrientation
		ADDED from demo\AndroidManifest.xml:199:13-49
	android:windowSoftInputMode
		ADDED from demo\AndroidManifest.xml:201:13-67
	android:configChanges
		ADDED from demo\AndroidManifest.xml:198:13-63
	android:theme
		ADDED from demo\AndroidManifest.xml:200:13-59
	android:name
		ADDED from demo\AndroidManifest.xml:197:13-65
activity#com.netease.nim.demo.team.activity.AdvancedTeamSearchActivity
ADDED from demo\AndroidManifest.xml:202:9-206:70
	android:screenOrientation
		ADDED from demo\AndroidManifest.xml:205:13-49
	android:windowSoftInputMode
		ADDED from demo\AndroidManifest.xml:206:13-67
	android:configChanges
		ADDED from demo\AndroidManifest.xml:204:13-63
	android:name
		ADDED from demo\AndroidManifest.xml:203:13-69
activity#com.netease.nim.demo.team.activity.AdvancedTeamJoinActivity
ADDED from demo\AndroidManifest.xml:207:9-211:70
	android:screenOrientation
		ADDED from demo\AndroidManifest.xml:210:13-49
	android:windowSoftInputMode
		ADDED from demo\AndroidManifest.xml:211:13-67
	android:configChanges
		ADDED from demo\AndroidManifest.xml:209:13-63
	android:name
		ADDED from demo\AndroidManifest.xml:208:13-67
activity#com.netease.nim.demo.main.activity.TeamListActivity
ADDED from demo\AndroidManifest.xml:212:9-216:67
	android:screenOrientation
		ADDED from demo\AndroidManifest.xml:215:13-49
	android:windowSoftInputMode
		ADDED from demo\AndroidManifest.xml:216:13-64
	android:configChanges
		ADDED from demo\AndroidManifest.xml:214:13-63
	android:name
		ADDED from demo\AndroidManifest.xml:213:13-59
activity#com.netease.nim.demo.main.activity.GlobalSearchActivity
ADDED from demo\AndroidManifest.xml:219:9-224:62
	android:screenOrientation
		ADDED from demo\AndroidManifest.xml:222:13-49
	android:windowSoftInputMode
		ADDED from demo\AndroidManifest.xml:224:13-59
	android:configChanges
		ADDED from demo\AndroidManifest.xml:221:13-63
	android:theme
		ADDED from demo\AndroidManifest.xml:223:13-52
	android:name
		ADDED from demo\AndroidManifest.xml:220:13-63
activity#com.netease.nim.demo.session.activity.WatchSnapChatPictureActivity
ADDED from demo\AndroidManifest.xml:227:9-229:54
	android:configChanges
		ADDED from demo\AndroidManifest.xml:229:13-51
	android:name
		ADDED from demo\AndroidManifest.xml:228:13-74
activity#com.netease.nim.demo.location.activity.LocationAmapActivity
ADDED from demo\AndroidManifest.xml:231:9-235:52
	android:screenOrientation
		ADDED from demo\AndroidManifest.xml:235:13-49
	android:label
		ADDED from demo\AndroidManifest.xml:234:13-49
	android:configChanges
		ADDED from demo\AndroidManifest.xml:233:13-63
	android:name
		ADDED from demo\AndroidManifest.xml:232:13-67
activity#com.netease.nim.demo.location.activity.NavigationAmapActivity
ADDED from demo\AndroidManifest.xml:236:9-240:52
	android:screenOrientation
		ADDED from demo\AndroidManifest.xml:240:13-49
	android:label
		ADDED from demo\AndroidManifest.xml:239:13-54
	android:configChanges
		ADDED from demo\AndroidManifest.xml:238:13-63
	android:name
		ADDED from demo\AndroidManifest.xml:237:13-69
activity#com.netease.nim.demo.avchat.activity.AVChatActivity
ADDED from demo\AndroidManifest.xml:243:9-248:63
	android:screenOrientation
		ADDED from demo\AndroidManifest.xml:246:13-49
	android:launchMode
		ADDED from demo\AndroidManifest.xml:245:13-48
	android:windowSoftInputMode
		ADDED from demo\AndroidManifest.xml:248:13-60
	android:theme
		ADDED from demo\AndroidManifest.xml:247:13-77
	android:name
		ADDED from demo\AndroidManifest.xml:244:13-59
activity#com.netease.nim.demo.rts.activity.RTSActivity
ADDED from demo\AndroidManifest.xml:251:9-255:63
	android:screenOrientation
		ADDED from demo\AndroidManifest.xml:254:13-49
	android:launchMode
		ADDED from demo\AndroidManifest.xml:253:13-48
	android:windowSoftInputMode
		ADDED from demo\AndroidManifest.xml:255:13-60
	android:name
		ADDED from demo\AndroidManifest.xml:252:13-53
activity#com.netease.nim.demo.session.search.SearchMessageActivity
ADDED from demo\AndroidManifest.xml:258:9-263:72
	android:screenOrientation
		ADDED from demo\AndroidManifest.xml:261:13-49
	android:windowSoftInputMode
		ADDED from demo\AndroidManifest.xml:263:13-69
	android:configChanges
		ADDED from demo\AndroidManifest.xml:260:13-63
	android:theme
		ADDED from demo\AndroidManifest.xml:262:13-52
	android:name
		ADDED from demo\AndroidManifest.xml:259:13-65
activity#com.netease.nim.demo.session.search.DisplayMessageActivity
ADDED from demo\AndroidManifest.xml:264:9-269:70
	android:screenOrientation
		ADDED from demo\AndroidManifest.xml:267:13-49
	android:windowSoftInputMode
		ADDED from demo\AndroidManifest.xml:269:13-67
	android:configChanges
		ADDED from demo\AndroidManifest.xml:266:13-63
	android:theme
		ADDED from demo\AndroidManifest.xml:268:13-61
	android:name
		ADDED from demo\AndroidManifest.xml:265:13-66
service#com.netease.nimlib.service.NimService
ADDED from demo\AndroidManifest.xml:272:9-274:39
	android:process
		ADDED from demo\AndroidManifest.xml:274:13-36
	android:name
		ADDED from demo\AndroidManifest.xml:273:13-65
service#com.netease.nimlib.service.NimService$Aux
ADDED from demo\AndroidManifest.xml:277:9-279:39
	android:process
		ADDED from demo\AndroidManifest.xml:279:13-36
	android:name
		ADDED from demo\AndroidManifest.xml:278:13-69
receiver#com.netease.nimlib.service.NimReceiver
ADDED from demo\AndroidManifest.xml:282:9-290:20
	android:process
		ADDED from demo\AndroidManifest.xml:285:13-36
	android:exported
		ADDED from demo\AndroidManifest.xml:284:13-37
	android:name
		ADDED from demo\AndroidManifest.xml:283:13-66
intent-filter#android.intent.action.BOOT_COMPLETED+android.net.conn.CONNECTIVITY_CHANGE
ADDED from demo\AndroidManifest.xml:286:13-289:29
action#android.intent.action.BOOT_COMPLETED
ADDED from demo\AndroidManifest.xml:287:17-79
	android:name
		ADDED from demo\AndroidManifest.xml:287:25-76
action#android.net.conn.CONNECTIVITY_CHANGE
ADDED from demo\AndroidManifest.xml:288:17-79
	android:name
		ADDED from demo\AndroidManifest.xml:288:25-76
receiver#com.netease.nimlib.service.ResponseReceiver
ADDED from demo\AndroidManifest.xml:293:9-80
	android:name
		ADDED from demo\AndroidManifest.xml:293:19-77
receiver#com.netease.nim.demo.receiver.CustomNotificationReceiver
ADDED from demo\AndroidManifest.xml:297:9-304:20
	android:enabled
		ADDED from demo\AndroidManifest.xml:299:13-35
	android:exported
		ADDED from demo\AndroidManifest.xml:300:13-37
	android:name
		ADDED from demo\AndroidManifest.xml:298:13-64
intent-filter#com.netease.nim.demo.ACTION.RECEIVE_CUSTOM_NOTIFICATION
ADDED from demo\AndroidManifest.xml:301:13-303:29
action#com.netease.nim.demo.ACTION.RECEIVE_CUSTOM_NOTIFICATION
ADDED from demo\AndroidManifest.xml:302:17-98
	android:name
		ADDED from demo\AndroidManifest.xml:302:25-95
receiver#com.netease.nimlib.receiver.AVChatBroadcastReceiver
ADDED from demo\AndroidManifest.xml:307:9-314:20
	android:enabled
		ADDED from demo\AndroidManifest.xml:309:13-35
	android:exported
		ADDED from demo\AndroidManifest.xml:310:13-37
	android:name
		ADDED from demo\AndroidManifest.xml:308:13-79
intent-filter#com.netease.nim.demo.ACTION.RECEIVE_AVCHAT_CALL_NOTIFICATION
ADDED from demo\AndroidManifest.xml:311:13-313:29
action#com.netease.nim.demo.ACTION.RECEIVE_AVCHAT_CALL_NOTIFICATION
ADDED from demo\AndroidManifest.xml:312:17-103
	android:name
		ADDED from demo\AndroidManifest.xml:312:25-100
receiver#com.netease.nimlib.receiver.RTSBroadcastReceiver
ADDED from demo\AndroidManifest.xml:317:9-324:20
	android:enabled
		ADDED from demo\AndroidManifest.xml:319:13-35
	android:exported
		ADDED from demo\AndroidManifest.xml:320:13-37
	android:name
		ADDED from demo\AndroidManifest.xml:318:13-76
intent-filter#com.netease.nim.demo.ACTION.RECEIVE_RTS_NOTIFICATION
ADDED from demo\AndroidManifest.xml:321:13-323:29
action#com.netease.nim.demo.ACTION.RECEIVE_RTS_NOTIFICATION
ADDED from demo\AndroidManifest.xml:322:17-95
	android:name
		ADDED from demo\AndroidManifest.xml:322:25-92
receiver#com.netease.nimlib.receiver.IncomingCallReceiver
ADDED from demo\AndroidManifest.xml:327:9-331:20
	android:name
		ADDED from demo\AndroidManifest.xml:327:19-82
intent-filter#android.intent.action.PHONE_STATE
ADDED from demo\AndroidManifest.xml:328:13-330:29
action#android.intent.action.PHONE_STATE
ADDED from demo\AndroidManifest.xml:329:17-76
	android:name
		ADDED from demo\AndroidManifest.xml:329:25-73
service#com.netease.cosine.core.CosineService
ADDED from demo\AndroidManifest.xml:334:9-336:41
	android:process
		ADDED from demo\AndroidManifest.xml:336:13-38
	android:name
		ADDED from demo\AndroidManifest.xml:335:13-65
receiver#com.netease.cosine.target.CosineReceiver
ADDED from demo\AndroidManifest.xml:338:9-341:41
	android:process
		ADDED from demo\AndroidManifest.xml:341:13-38
	android:exported
		ADDED from demo\AndroidManifest.xml:340:13-36
	android:name
		ADDED from demo\AndroidManifest.xml:339:13-68
meta-data#com.netease.cosine.target
ADDED from demo\AndroidManifest.xml:344:9-346:32
	android:value
		ADDED from demo\AndroidManifest.xml:346:13-29
	android:name
		ADDED from demo\AndroidManifest.xml:345:13-53
meta-data#com.netease.cosine.target.receiver
ADDED from demo\AndroidManifest.xml:347:9-349:70
	android:value
		ADDED from demo\AndroidManifest.xml:349:13-67
	android:name
		ADDED from demo\AndroidManifest.xml:348:13-62
activity#com.netease.nim.demo.TestForMainActivity
ADDED from demo\AndroidManifest.xml:351:9-353:77
	android:label
		ADDED from demo\AndroidManifest.xml:353:13-65
	android:name
		ADDED from demo\AndroidManifest.xml:352:13-48
activity#com.netease.nim.uikit.session.activity.P2PMessageActivity
ADDED from [nim_demo:uikit:unspecified] AndroidManifest.xml:16:9-20:70
	android:screenOrientation
		ADDED from [nim_demo:uikit:unspecified] AndroidManifest.xml:19:13-49
	android:windowSoftInputMode
		ADDED from [nim_demo:uikit:unspecified] AndroidManifest.xml:20:13-67
	android:configChanges
		ADDED from [nim_demo:uikit:unspecified] AndroidManifest.xml:18:13-63
	android:name
		ADDED from [nim_demo:uikit:unspecified] AndroidManifest.xml:17:13-85
activity#com.netease.nim.uikit.session.activity.TeamMessageActivity
ADDED from [nim_demo:uikit:unspecified] AndroidManifest.xml:21:9-25:70
	android:screenOrientation
		ADDED from [nim_demo:uikit:unspecified] AndroidManifest.xml:24:13-49
	android:windowSoftInputMode
		ADDED from [nim_demo:uikit:unspecified] AndroidManifest.xml:25:13-67
	android:configChanges
		ADDED from [nim_demo:uikit:unspecified] AndroidManifest.xml:23:13-63
	android:name
		ADDED from [nim_demo:uikit:unspecified] AndroidManifest.xml:22:13-86
activity#com.netease.nim.uikit.team.activity.NormalTeamInfoActivity
ADDED from [nim_demo:uikit:unspecified] AndroidManifest.xml:28:9-32:70
	android:screenOrientation
		ADDED from [nim_demo:uikit:unspecified] AndroidManifest.xml:31:13-49
	android:windowSoftInputMode
		ADDED from [nim_demo:uikit:unspecified] AndroidManifest.xml:32:13-67
	android:configChanges
		ADDED from [nim_demo:uikit:unspecified] AndroidManifest.xml:30:13-63
	android:name
		ADDED from [nim_demo:uikit:unspecified] AndroidManifest.xml:29:13-86
activity#com.netease.nim.uikit.team.activity.AdvancedTeamInfoActivity
ADDED from [nim_demo:uikit:unspecified] AndroidManifest.xml:33:9-37:70
	android:screenOrientation
		ADDED from [nim_demo:uikit:unspecified] AndroidManifest.xml:36:13-49
	android:windowSoftInputMode
		ADDED from [nim_demo:uikit:unspecified] AndroidManifest.xml:37:13-67
	android:configChanges
		ADDED from [nim_demo:uikit:unspecified] AndroidManifest.xml:35:13-63
	android:name
		ADDED from [nim_demo:uikit:unspecified] AndroidManifest.xml:34:13-88
activity#com.netease.nim.uikit.team.activity.AdvancedTeamMemberActivity
ADDED from [nim_demo:uikit:unspecified] AndroidManifest.xml:38:9-42:70
	android:screenOrientation
		ADDED from [nim_demo:uikit:unspecified] AndroidManifest.xml:41:13-49
	android:windowSoftInputMode
		ADDED from [nim_demo:uikit:unspecified] AndroidManifest.xml:42:13-67
	android:configChanges
		ADDED from [nim_demo:uikit:unspecified] AndroidManifest.xml:40:13-63
	android:name
		ADDED from [nim_demo:uikit:unspecified] AndroidManifest.xml:39:13-90
activity#com.netease.nim.uikit.team.activity.AdvancedTeamAnnounceActivity
ADDED from [nim_demo:uikit:unspecified] AndroidManifest.xml:43:9-47:70
	android:screenOrientation
		ADDED from [nim_demo:uikit:unspecified] AndroidManifest.xml:46:13-49
	android:windowSoftInputMode
		ADDED from [nim_demo:uikit:unspecified] AndroidManifest.xml:47:13-67
	android:configChanges
		ADDED from [nim_demo:uikit:unspecified] AndroidManifest.xml:45:13-63
	android:name
		ADDED from [nim_demo:uikit:unspecified] AndroidManifest.xml:44:13-92
activity#com.netease.nim.uikit.team.activity.AdvancedTeamMemberInfoActivity
ADDED from [nim_demo:uikit:unspecified] AndroidManifest.xml:48:9-52:70
	android:screenOrientation
		ADDED from [nim_demo:uikit:unspecified] AndroidManifest.xml:51:13-49
	android:windowSoftInputMode
		ADDED from [nim_demo:uikit:unspecified] AndroidManifest.xml:52:13-67
	android:configChanges
		ADDED from [nim_demo:uikit:unspecified] AndroidManifest.xml:50:13-63
	android:name
		ADDED from [nim_demo:uikit:unspecified] AndroidManifest.xml:49:13-94
activity#com.netease.nim.uikit.team.activity.AdvancedTeamNicknameActivity
ADDED from [nim_demo:uikit:unspecified] AndroidManifest.xml:53:9-57:70
	android:screenOrientation
		ADDED from [nim_demo:uikit:unspecified] AndroidManifest.xml:56:13-49
	android:windowSoftInputMode
		ADDED from [nim_demo:uikit:unspecified] AndroidManifest.xml:57:13-67
	android:configChanges
		ADDED from [nim_demo:uikit:unspecified] AndroidManifest.xml:55:13-63
	android:name
		ADDED from [nim_demo:uikit:unspecified] AndroidManifest.xml:54:13-92
activity#com.netease.nim.uikit.team.activity.AdvancedTeamCreateActivity
ADDED from [nim_demo:uikit:unspecified] AndroidManifest.xml:58:9-62:70
	android:screenOrientation
		ADDED from [nim_demo:uikit:unspecified] AndroidManifest.xml:61:13-49
	android:windowSoftInputMode
		ADDED from [nim_demo:uikit:unspecified] AndroidManifest.xml:62:13-67
	android:configChanges
		ADDED from [nim_demo:uikit:unspecified] AndroidManifest.xml:60:13-63
	android:name
		ADDED from [nim_demo:uikit:unspecified] AndroidManifest.xml:59:13-90
activity#com.netease.nim.uikit.team.activity.AdvancedTeamCreateAnnounceActivity
ADDED from [nim_demo:uikit:unspecified] AndroidManifest.xml:63:9-67:70
	android:screenOrientation
		ADDED from [nim_demo:uikit:unspecified] AndroidManifest.xml:66:13-49
	android:windowSoftInputMode
		ADDED from [nim_demo:uikit:unspecified] AndroidManifest.xml:67:13-67
	android:configChanges
		ADDED from [nim_demo:uikit:unspecified] AndroidManifest.xml:65:13-63
	android:name
		ADDED from [nim_demo:uikit:unspecified] AndroidManifest.xml:64:13-98
activity#com.netease.nim.uikit.team.activity.TeamPropertySettingActivity
ADDED from [nim_demo:uikit:unspecified] AndroidManifest.xml:68:9-72:70
	android:screenOrientation
		ADDED from [nim_demo:uikit:unspecified] AndroidManifest.xml:71:13-49
	android:windowSoftInputMode
		ADDED from [nim_demo:uikit:unspecified] AndroidManifest.xml:72:13-67
	android:configChanges
		ADDED from [nim_demo:uikit:unspecified] AndroidManifest.xml:70:13-63
	android:name
		ADDED from [nim_demo:uikit:unspecified] AndroidManifest.xml:69:13-91